
2025-03-02 04:34:57...installerHook: Info: custom/install/install_hooks.php not present, no custom hooks to execute
2025-03-02 04:35:42...installerHook: Info: custom/install/install_hooks.php not present, no custom hooks to execute
2025-03-02 04:35:50...Begin System Check Process *************
2025-03-02 04:35:50...XML Parsing Support Found
2025-03-02 04:35:50...JSON Parsing Support Found
2025-03-02 04:35:50...MBString Support Found
2025-03-02 04:35:50...ERROR:: ZIP support not found: SuiteCRM needs ZIP support in order to process compressed files.
2025-03-02 04:35:50.../custom directory and subdirectory check passed
2025-03-02 04:35:50...cache directory and subdirectory check passed
2025-03-02 04:35:53.../module  directory and subdirectory check passed
2025-03-02 04:35:53.../upload directory check passed
2025-03-02 04:35:53...ERROR: Zip support not found.
2025-03-02 04:35:53...PCRE version check passed
2025-03-02 04:35:53...installerHook: Info: custom/install/install_hooks.php not present, no custom hooks to execute
2025-03-02 04:35:53...php.ini location found. C:\xampp\php\php.ini
2025-03-02 04:35:53...Outputting HTML for System check
2025-03-02 04:35:53...Errors were found *************
2025-03-02 04:36:11...Begin System Check Process *************
2025-03-02 04:36:11...XML Parsing Support Found
2025-03-02 04:36:11...JSON Parsing Support Found
2025-03-02 04:36:11...MBString Support Found
2025-03-02 04:36:11...ERROR:: ZIP support not found: SuiteCRM needs ZIP support in order to process compressed files.
2025-03-02 04:36:11.../custom directory and subdirectory check passed
2025-03-02 04:36:11...cache directory and subdirectory check passed
2025-03-02 04:36:12.../module  directory and subdirectory check passed
2025-03-02 04:36:12.../upload directory check passed
2025-03-02 04:36:12...ERROR: Zip support not found.
2025-03-02 04:36:12...PCRE version check passed
2025-03-02 04:36:12...installerHook: Info: custom/install/install_hooks.php not present, no custom hooks to execute
2025-03-02 04:36:12...php.ini location found. C:\xampp\php\php.ini
2025-03-02 04:36:12...Outputting HTML for System check
2025-03-02 04:36:12...Errors were found *************
2025-03-02 04:40:29...installerHook: Info: custom/install/install_hooks.php not present, no custom hooks to execute
2025-03-02 04:40:33...Begin System Check Process *************
2025-03-02 04:40:33...XML Parsing Support Found
2025-03-02 04:40:33...JSON Parsing Support Found
2025-03-02 04:40:33...MBString Support Found
2025-03-02 04:40:33...ZIP Support Found
2025-03-02 04:40:33.../custom directory and subdirectory check passed
2025-03-02 04:40:33...cache directory and subdirectory check passed
2025-03-02 04:40:37.../module  directory and subdirectory check passed
2025-03-02 04:40:37.../upload directory check passed
2025-03-02 04:40:37.../zip check passed
2025-03-02 04:40:37...PCRE version check passed
2025-03-02 04:40:37...installerHook: Info: custom/install/install_hooks.php not present, no custom hooks to execute
2025-03-02 04:40:37...php.ini location found. C:\xampp\php\php.ini
2025-03-02 04:40:37...Outputting HTML for System check
2025-03-02 04:40:37...No Errors were found *************
2025-03-02 04:40:41...installerHook: Info: custom/install/install_hooks.php not present, no custom hooks to execute
2025-03-02 04:40:51...installerHook: Info: custom/install/install_hooks.php not present, no custom hooks to execute
2025-03-02 04:41:45...Begin DB Check Process *************
2025-03-02 04:41:45...testing with mysql:mysqli
2025-03-02 04:41:45...Basic form info is valid, continuing Process.
2025-03-02 04:41:45...Testing user account...
2025-03-02 04:41:59...Begin DB Check Process *************
2025-03-02 04:41:59...testing with mysql:mysqli
2025-03-02 04:41:59...Basic form info is valid, continuing Process.
2025-03-02 04:41:59...Testing user account...
2025-03-02 04:42:34...Begin DB Check Process *************
2025-03-02 04:42:34...testing with mysql:mysqli
2025-03-02 04:42:34...Basic form info is valid, continuing Process.
2025-03-02 04:42:34...Testing user account...
2025-03-02 04:43:35...installerHook: Info: custom/install/install_hooks.php not present, no custom hooks to execute
2025-03-02 04:43:38...installerHook: Info: custom/install/install_hooks.php not present, no custom hooks to execute
2025-03-02 04:43:47...installerHook: Info: custom/install/install_hooks.php not present, no custom hooks to execute
2025-03-02 04:43:55...Begin DB Check Process *************
2025-03-02 04:43:55...testing with mysql:mysqli
2025-03-02 04:43:55...Basic form info is valid, continuing Process.
2025-03-02 04:43:55...Testing user account...
2025-03-02 04:44:23...Begin DB Check Process *************
2025-03-02 04:44:23...testing with mysql:mysqli
2025-03-02 04:44:23...Basic form info is valid, continuing Process.
2025-03-02 04:44:23...Testing priviliged account...
2025-03-02 04:44:46...Begin DB Check Process *************
2025-03-02 04:44:46...testing with mysql:mysqli
2025-03-02 04:44:46...Basic form info is valid, continuing Process.
2025-03-02 04:44:46...Testing user account...
2025-03-02 04:47:25...installerHook: Info: custom/install/install_hooks.php not present, no custom hooks to execute
2025-03-02 04:47:34...Begin System Check Process *************
2025-03-02 04:47:34...XML Parsing Support Found
2025-03-02 04:47:34...JSON Parsing Support Found
2025-03-02 04:47:34...MBString Support Found
2025-03-02 04:47:34...ZIP Support Found
2025-03-02 04:47:34.../custom directory and subdirectory check passed
2025-03-02 04:47:34...cache directory and subdirectory check passed
2025-03-02 04:47:42.../module  directory and subdirectory check passed
2025-03-02 04:47:42.../upload directory check passed
2025-03-02 04:47:42.../zip check passed
2025-03-02 04:47:42...PCRE version check passed
2025-03-02 04:47:42...installerHook: Info: custom/install/install_hooks.php not present, no custom hooks to execute
2025-03-02 04:47:42...php.ini location found. C:\xampp\php\php.ini
2025-03-02 04:47:42...Outputting HTML for System check
2025-03-02 04:47:42...No Errors were found *************
2025-03-02 04:47:44...installerHook: Info: custom/install/install_hooks.php not present, no custom hooks to execute
2025-03-02 04:48:26...installerHook: Info: custom/install/install_hooks.php not present, no custom hooks to execute
2025-03-02 04:48:36...Begin DB Check Process *************
2025-03-02 04:48:36...testing with mysql:mysqli
2025-03-02 04:48:36...Basic form info is valid, continuing Process.
2025-03-02 04:48:36...Testing user account...
2025-03-02 04:48:55...Begin DB Check Process *************
2025-03-02 04:48:55...testing with mysql:mysqli
2025-03-02 04:48:55...Basic form info is valid, continuing Process.
2025-03-02 04:48:55...ERROR:: Provide a database administrator user name. The user is required for the initial connection to the database.
2025-03-02 04:48:55...FATAL:: errors have been detected!  User will not be allowed to continue.  Errors are as follow:
2025-03-02 04:48:55..... Provide a database administrator user name. The user is required for the initial connection to the database.
2025-03-02 04:48:55...End DB Check Process *************
2025-03-02 04:49:56...Begin DB Check Process *************
2025-03-02 04:49:56...testing with mysql:mysqli
2025-03-02 04:49:56...Basic form info is valid, continuing Process.
2025-03-02 04:49:56...Testing user account...
2025-03-02 04:49:56...Connection made using  host: localhost, usr: root
2025-03-02 04:49:56...SUCCESS:: no errors detected!
2025-03-02 04:49:56...End DB Check Process *************
2025-03-02 04:49:57...installerHook: Info: custom/install/install_hooks.php not present, no custom hooks to execute
2025-03-02 04:49:57...calling handleSugarConfig()
2025-03-02 04:49:57...calling handleHtaccess()
2025-03-02 04:49:57...calling handleDbCreateDatabase()
2025-03-02 04:49:58...looping through all the Beans and create their tables
2025-03-02 04:49:58...processing table acl_actions
2025-03-02 04:49:58...creating table acl_actions
2025-03-02 04:49:58...creating Relationship Meta for ACLAction
2025-03-02 04:49:58...processing table acl_roles
2025-03-02 04:49:58...creating table acl_roles
2025-03-02 04:49:58...creating Relationship Meta for ACLRole
2025-03-02 04:49:58...processing table relationships
2025-03-02 04:49:58...creating table relationships
2025-03-02 04:49:58...creating Relationship Meta for Relationship
2025-03-02 04:49:58...processing table leads
2025-03-02 04:49:58...creating table leads
2025-03-02 04:49:58...creating Relationship Meta for Lead
2025-03-02 04:49:58...processing table cases
2025-03-02 04:49:58...creating table cases
2025-03-02 04:49:58...creating Relationship Meta for Case
2025-03-02 04:49:59...processing table bugs
2025-03-02 04:49:59...creating table bugs
2025-03-02 04:49:59...creating Relationship Meta for Bug
2025-03-02 04:49:59...processing table users
2025-03-02 04:49:59...creating table users
2025-03-02 04:49:59...creating Relationship Meta for User
2025-03-02 04:49:59...processing table campaign_log
2025-03-02 04:49:59...creating table campaign_log
2025-03-02 04:49:59...creating Relationship Meta for CampaignLog
2025-03-02 04:49:59...processing table project
2025-03-02 04:49:59...creating table project
2025-03-02 04:49:59...creating Relationship Meta for Project
2025-03-02 04:50:00...processing table project_task
2025-03-02 04:50:00...creating table project_task
2025-03-02 04:50:00...creating Relationship Meta for ProjectTask
2025-03-02 04:50:00...processing table campaigns
2025-03-02 04:50:00...creating table campaigns
2025-03-02 04:50:00...creating Relationship Meta for Campaign
2025-03-02 04:50:00...processing table prospect_lists
2025-03-02 04:50:00...creating table prospect_lists
2025-03-02 04:50:00...creating Relationship Meta for ProspectList
2025-03-02 04:50:00...processing table prospects
2025-03-02 04:50:01...creating table prospects
2025-03-02 04:50:01...creating Relationship Meta for Prospect
2025-03-02 04:50:01...processing table email_marketing
2025-03-02 04:50:01...creating table email_marketing
2025-03-02 04:50:01...creating Relationship Meta for EmailMarketing
2025-03-02 04:50:01...processing table campaign_trkrs
2025-03-02 04:50:01...creating table campaign_trkrs
2025-03-02 04:50:01...creating Relationship Meta for CampaignTracker
2025-03-02 04:50:01...processing table releases
2025-03-02 04:50:01...creating table releases
2025-03-02 04:50:01...creating Relationship Meta for Release
2025-03-02 04:50:01...processing table emailman
2025-03-02 04:50:01...creating table emailman
2025-03-02 04:50:01...creating Relationship Meta for EmailMan
2025-03-02 04:50:02...processing table schedulers
2025-03-02 04:50:02...creating table schedulers
2025-03-02 04:50:02...creating Relationship Meta for Scheduler
2025-03-02 04:50:02...processing table job_queue
2025-03-02 04:50:02...creating table job_queue
2025-03-02 04:50:02...creating Relationship Meta for SchedulersJob
2025-03-02 04:50:02...processing table contacts
2025-03-02 04:50:02...creating table contacts
2025-03-02 04:50:02...creating Relationship Meta for Contact
2025-03-02 04:50:02...processing table accounts
2025-03-02 04:50:03...creating table accounts
2025-03-02 04:50:03...creating Relationship Meta for Account
2025-03-02 04:50:03...processing table opportunities
2025-03-02 04:50:03...creating table opportunities
2025-03-02 04:50:03...creating Relationship Meta for Opportunity
2025-03-02 04:50:03...processing table email_templates
2025-03-02 04:50:03...creating table email_templates
2025-03-02 04:50:03...creating Relationship Meta for EmailTemplate
2025-03-02 04:50:03...processing table notes
2025-03-02 04:50:03...creating table notes
2025-03-02 04:50:03...creating Relationship Meta for Note
2025-03-02 04:50:03...processing table calls
2025-03-02 04:50:04...creating table calls
2025-03-02 04:50:04...creating Relationship Meta for Call
2025-03-02 04:50:04...processing table emails
2025-03-02 04:50:04...creating table emails
2025-03-02 04:50:04...creating Relationship Meta for Email
2025-03-02 04:50:04...processing table meetings
2025-03-02 04:50:04...creating table meetings
2025-03-02 04:50:04...creating Relationship Meta for Meeting
2025-03-02 04:50:04...processing table tasks
2025-03-02 04:50:04...creating table tasks
2025-03-02 04:50:04...creating Relationship Meta for Task
2025-03-02 04:50:04...processing table users
2025-03-02 04:50:04...processing table users
2025-03-02 04:50:04...processing table currencies
2025-03-02 04:50:04...creating table currencies
2025-03-02 04:50:04...creating Relationship Meta for Currency
2025-03-02 04:50:04...processing table tracker
2025-03-02 04:50:05...creating table tracker
2025-03-02 04:50:05...creating Relationship Meta for Tracker
2025-03-02 04:50:05...processing table import_maps
2025-03-02 04:50:05...creating table import_maps
2025-03-02 04:50:05...creating Relationship Meta for ImportMap
2025-03-02 04:50:05...processing table users_last_import
2025-03-02 04:50:05...creating table users_last_import
2025-03-02 04:50:05...creating Relationship Meta for UsersLastImport
2025-03-02 04:50:05...processing table config
2025-03-02 04:50:05...creating table config
2025-03-02 04:50:05...creating Relationship Meta for Administration
2025-03-02 04:50:05...processing table upgrade_history
2025-03-02 04:50:05...creating table upgrade_history
2025-03-02 04:50:05...creating Relationship Meta for UpgradeHistory
2025-03-02 04:50:05...processing table vcals
2025-03-02 04:50:05...creating table vcals
2025-03-02 04:50:05...creating Relationship Meta for vCal
2025-03-02 04:50:05...processing table alerts
2025-03-02 04:50:05...creating table alerts
2025-03-02 04:50:05...creating Relationship Meta for Alert
2025-03-02 04:50:05...processing table roles
2025-03-02 04:50:05...creating table roles
2025-03-02 04:50:05...creating Relationship Meta for Role
2025-03-02 04:50:05...processing table documents
2025-03-02 04:50:05...creating table documents
2025-03-02 04:50:05...creating Relationship Meta for Document
2025-03-02 04:50:05...processing table document_revisions
2025-03-02 04:50:05...creating table document_revisions
2025-03-02 04:50:05...creating Relationship Meta for DocumentRevision
2025-03-02 04:50:05...processing table fields_meta_data
2025-03-02 04:50:05...creating table fields_meta_data
2025-03-02 04:50:05...creating Relationship Meta for FieldsMetaData
2025-03-02 04:50:05...processing table 
2025-03-02 04:50:06...processing table inbound_email
2025-03-02 04:50:06...creating table inbound_email
2025-03-02 04:50:06...creating Relationship Meta for InboundEmail
2025-03-02 04:50:06...processing table saved_search
2025-03-02 04:50:06...creating table saved_search
2025-03-02 04:50:06...creating Relationship Meta for SavedSearch
2025-03-02 04:50:06...processing table user_preferences
2025-03-02 04:50:06...creating table user_preferences
2025-03-02 04:50:06...creating Relationship Meta for UserPreference
2025-03-02 04:50:06...processing table 
2025-03-02 04:50:06...processing table email_addresses
2025-03-02 04:50:06...creating table email_addresses
2025-03-02 04:50:06...creating Relationship Meta for EmailAddress
2025-03-02 04:50:06...processing table emails_text
2025-03-02 04:50:06...creating table emails_text
2025-03-02 04:50:06...creating Relationship Meta for EmailText
2025-03-02 04:50:06...processing table spots
2025-03-02 04:50:06...creating table spots
2025-03-02 04:50:06...creating Relationship Meta for Spots
2025-03-02 04:50:06...processing table aobh_businesshours
2025-03-02 04:50:06...creating table aobh_businesshours
2025-03-02 04:50:06...creating Relationship Meta for AOBH_BusinessHours
2025-03-02 04:50:06...processing table sugarfeed
2025-03-02 04:50:06...creating table sugarfeed
2025-03-02 04:50:06...creating Relationship Meta for SugarFeed
2025-03-02 04:50:06...processing table eapm
2025-03-02 04:50:07...creating table eapm
2025-03-02 04:50:07...creating Relationship Meta for EAPM
2025-03-02 04:50:07...processing table oauth_consumer
2025-03-02 04:50:07...creating table oauth_consumer
2025-03-02 04:50:07...creating Relationship Meta for OAuthKey
2025-03-02 04:50:07...processing table oauth_tokens
2025-03-02 04:50:07...creating table oauth_tokens
2025-03-02 04:50:07...creating Relationship Meta for OAuthToken
2025-03-02 04:50:07...processing table am_projecttemplates
2025-03-02 04:50:07...creating table am_projecttemplates
2025-03-02 04:50:07...creating Relationship Meta for AM_ProjectTemplates
2025-03-02 04:50:07...processing table am_tasktemplates
2025-03-02 04:50:07...creating table am_tasktemplates
2025-03-02 04:50:07...creating Relationship Meta for AM_TaskTemplates
2025-03-02 04:50:07...processing table favorites
2025-03-02 04:50:07...creating table favorites
2025-03-02 04:50:07...creating Relationship Meta for Favorites
2025-03-02 04:50:07...processing table aok_knowledge_base_categories
2025-03-02 04:50:08...creating table aok_knowledge_base_categories
2025-03-02 04:50:08...creating Relationship Meta for AOK_Knowledge_Base_Categories
2025-03-02 04:50:08...processing table aok_knowledgebase
2025-03-02 04:50:08...creating table aok_knowledgebase
2025-03-02 04:50:08...creating Relationship Meta for AOK_KnowledgeBase
2025-03-02 04:50:08...processing table reminders
2025-03-02 04:50:08...creating table reminders
2025-03-02 04:50:08...creating Relationship Meta for Reminder
2025-03-02 04:50:08...processing table reminders_invitees
2025-03-02 04:50:08...creating table reminders_invitees
2025-03-02 04:50:08...creating Relationship Meta for Reminder_Invitee
2025-03-02 04:50:08...processing table fp_events
2025-03-02 04:50:08...creating table fp_events
2025-03-02 04:50:08...creating Relationship Meta for FP_events
2025-03-02 04:50:08...processing table fp_event_locations
2025-03-02 04:50:09...creating table fp_event_locations
2025-03-02 04:50:09...creating Relationship Meta for FP_Event_Locations
2025-03-02 04:50:09...processing table aod_indexevent
2025-03-02 04:50:09...creating table aod_indexevent
2025-03-02 04:50:09...creating Relationship Meta for AOD_IndexEvent
2025-03-02 04:50:09...processing table aod_index
2025-03-02 04:50:09...creating table aod_index
2025-03-02 04:50:09...creating Relationship Meta for AOD_Index
2025-03-02 04:50:09...processing table aop_case_events
2025-03-02 04:50:10...creating table aop_case_events
2025-03-02 04:50:10...creating Relationship Meta for AOP_Case_Events
2025-03-02 04:50:10...processing table aop_case_updates
2025-03-02 04:50:10...creating table aop_case_updates
2025-03-02 04:50:10...creating Relationship Meta for AOP_Case_Updates
2025-03-02 04:50:10...processing table aor_reports
2025-03-02 04:50:10...creating table aor_reports
2025-03-02 04:50:10...creating Relationship Meta for AOR_Report
2025-03-02 04:50:10...processing table aor_fields
2025-03-02 04:50:10...creating table aor_fields
2025-03-02 04:50:10...creating Relationship Meta for AOR_Field
2025-03-02 04:50:10...processing table aor_charts
2025-03-02 04:50:10...creating table aor_charts
2025-03-02 04:50:10...creating Relationship Meta for AOR_Chart
2025-03-02 04:50:10...processing table aor_conditions
2025-03-02 04:50:10...creating table aor_conditions
2025-03-02 04:50:10...creating Relationship Meta for AOR_Condition
2025-03-02 04:50:10...processing table aor_scheduled_reports
2025-03-02 04:50:10...creating table aor_scheduled_reports
2025-03-02 04:50:10...creating Relationship Meta for AOR_Scheduled_Reports
2025-03-02 04:50:10...processing table aos_contracts
2025-03-02 04:50:11...creating table aos_contracts
2025-03-02 04:50:11...creating Relationship Meta for AOS_Contracts
2025-03-02 04:50:11...processing table aos_invoices
2025-03-02 04:50:11...creating table aos_invoices
2025-03-02 04:50:11...creating Relationship Meta for AOS_Invoices
2025-03-02 04:50:11...processing table aos_pdf_templates
2025-03-02 04:50:11...creating table aos_pdf_templates
2025-03-02 04:50:11...creating Relationship Meta for AOS_PDF_Templates
2025-03-02 04:50:11...processing table aos_product_categories
2025-03-02 04:50:11...creating table aos_product_categories
2025-03-02 04:50:11...creating Relationship Meta for AOS_Product_Categories
2025-03-02 04:50:11...processing table aos_products
2025-03-02 04:50:12...creating table aos_products
2025-03-02 04:50:12...creating Relationship Meta for AOS_Products
2025-03-02 04:50:12...processing table aos_products_quotes
2025-03-02 04:50:12...creating table aos_products_quotes
2025-03-02 04:50:12...creating Relationship Meta for AOS_Products_Quotes
2025-03-02 04:50:12...processing table aos_line_item_groups
2025-03-02 04:50:12...creating table aos_line_item_groups
2025-03-02 04:50:12...creating Relationship Meta for AOS_Line_Item_Groups
2025-03-02 04:50:12...processing table aos_quotes
2025-03-02 04:50:12...creating table aos_quotes
2025-03-02 04:50:12...creating Relationship Meta for AOS_Quotes
2025-03-02 04:50:12...processing table aow_actions
2025-03-02 04:50:12...creating table aow_actions
2025-03-02 04:50:12...creating Relationship Meta for AOW_Action
2025-03-02 04:50:12...processing table aow_workflow
2025-03-02 04:50:12...creating table aow_workflow
2025-03-02 04:50:12...creating Relationship Meta for AOW_WorkFlow
2025-03-02 04:50:13...processing table aow_processed
2025-03-02 04:50:13...creating table aow_processed
2025-03-02 04:50:13...creating Relationship Meta for AOW_Processed
2025-03-02 04:50:13...processing table aow_conditions
2025-03-02 04:50:13...creating table aow_conditions
2025-03-02 04:50:13...creating Relationship Meta for AOW_Condition
2025-03-02 04:50:13...processing table jjwg_maps
2025-03-02 04:50:13...creating table jjwg_maps
2025-03-02 04:50:13...creating Relationship Meta for jjwg_Maps
2025-03-02 04:50:13...processing table jjwg_markers
2025-03-02 04:50:13...creating table jjwg_markers
2025-03-02 04:50:13...creating Relationship Meta for jjwg_Markers
2025-03-02 04:50:13...processing table jjwg_areas
2025-03-02 04:50:14...creating table jjwg_areas
2025-03-02 04:50:14...creating Relationship Meta for jjwg_Areas
2025-03-02 04:50:14...processing table jjwg_address_cache
2025-03-02 04:50:14...creating table jjwg_address_cache
2025-03-02 04:50:14...creating Relationship Meta for jjwg_Address_Cache
2025-03-02 04:50:14...processing table calls_reschedule
2025-03-02 04:50:14...creating table calls_reschedule
2025-03-02 04:50:14...creating Relationship Meta for Calls_Reschedule
2025-03-02 04:50:14...processing table securitygroups
2025-03-02 04:50:14...creating table securitygroups
2025-03-02 04:50:14...creating Relationship Meta for SecurityGroup
2025-03-02 04:50:14...processing table outbound_email
2025-03-02 04:50:14...creating table outbound_email
2025-03-02 04:50:14...creating Relationship Meta for OutboundEmailAccounts
2025-03-02 04:50:14...processing table external_oauth_connections
2025-03-02 04:50:15...creating table external_oauth_connections
2025-03-02 04:50:15...creating Relationship Meta for ExternalOAuthConnection
2025-03-02 04:50:15...processing table external_oauth_providers
2025-03-02 04:50:15...creating table external_oauth_providers
2025-03-02 04:50:15...creating Relationship Meta for ExternalOAuthProvider
2025-03-02 04:50:15...processing table templatesectionline
2025-03-02 04:50:15...creating table templatesectionline
2025-03-02 04:50:15...creating Relationship Meta for TemplateSectionLine
2025-03-02 04:50:15...processing table oauth2tokens
2025-03-02 04:50:15...creating table oauth2tokens
2025-03-02 04:50:15...creating Relationship Meta for OAuth2Tokens
2025-03-02 04:50:15...processing table oauth2clients
2025-03-02 04:50:15...creating table oauth2clients
2025-03-02 04:50:15...creating Relationship Meta for OAuth2Clients
2025-03-02 04:50:15...processing table surveyresponses
2025-03-02 04:50:15...creating table surveyresponses
2025-03-02 04:50:15...creating Relationship Meta for SurveyResponses
2025-03-02 04:50:15...processing table surveys
2025-03-02 04:50:16...creating table surveys
2025-03-02 04:50:16...creating Relationship Meta for Surveys
2025-03-02 04:50:16...processing table surveyquestionresponses
2025-03-02 04:50:16...creating table surveyquestionresponses
2025-03-02 04:50:16...creating Relationship Meta for SurveyQuestionResponses
2025-03-02 04:50:16...processing table surveyquestions
2025-03-02 04:50:16...creating table surveyquestions
2025-03-02 04:50:16...creating Relationship Meta for SurveyQuestions
2025-03-02 04:50:16...processing table surveyquestionoptions
2025-03-02 04:50:17...creating table surveyquestionoptions
2025-03-02 04:50:17...creating Relationship Meta for SurveyQuestionOptions
2025-03-02 04:50:18...Begin creating Defaults
2025-03-02 04:50:18...insert defaults into config table
2025-03-02 04:50:18...Creating default users
2025-03-02 04:50:19...Creating default scheduler jobs
2025-03-02 04:50:19...Enable SugarFeeds
2025-03-02 04:50:19...Installation has completed *********
2025-03-02 04:50:31...populating the db with seed data
2025-03-02 04:50:31...Save configuration settings..
2025-03-02 04:50:31...save locale
2025-03-02 04:50:31...new Administration
2025-03-02 04:50:31...retrieveSettings
2025-03-02 04:50:31...AdminWizard OFF
2025-03-02 04:50:31...saveConfig
2025-03-02 04:50:31...new Configurator
2025-03-02 04:50:31...populateFromPost
2025-03-02 04:50:31...handleOverride
2025-03-02 04:50:31...addCronAllowedUser
2025-03-02 04:50:31...saveConfig
2025-03-02 04:50:31...new Currency
2025-03-02 04:50:31...retrieve
2025-03-02 04:50:31...DBG: save currency
2025-03-02 04:50:31...Save user settings..
2025-03-02 04:50:32...DBG: SugarThemeRegistry::getDefault
2025-03-02 04:50:38...installerHook: Info: custom/install/install_hooks.php not present, no custom hooks to execute